ARM GAS  C:\Users\Laurent\AppData\Local\Temp\cc71oWOY.s 			page 1


   1              		.syntax unified
   2              		.cpu cortex-m0
   3              		.fpu softvfp
   4              		.eabi_attribute 20, 1
   5              		.eabi_attribute 21, 1
   6              		.eabi_attribute 23, 3
   7              		.eabi_attribute 24, 1
   8              		.eabi_attribute 25, 1
   9              		.eabi_attribute 26, 1
  10              		.eabi_attribute 30, 6
  11              		.eabi_attribute 34, 0
  12              		.eabi_attribute 18, 4
  13              		.thumb
  14              		.syntax unified
  15              		.file	"UART_SPI_UART_INT.c"
  16              		.text
  17              	.Ltext0:
  18              		.cfi_sections	.debug_frame
  19              		.section	.text.UART_SPI_UART_ISR,"ax",%progbits
  20              		.align	2
  21              		.global	UART_SPI_UART_ISR
  22              		.code	16
  23              		.thumb_func
  24              		.type	UART_SPI_UART_ISR, %function
  25              	UART_SPI_UART_ISR:
  26              	.LFB0:
  27              		.file 1 "Generated_Source\\PSoC4\\UART_SPI_UART_INT.c"
   1:Generated_Source\PSoC4/UART_SPI_UART_INT.c **** /***************************************************************************//**
   2:Generated_Source\PSoC4/UART_SPI_UART_INT.c **** * \file UART_SPI_UART_INT.c
   3:Generated_Source\PSoC4/UART_SPI_UART_INT.c **** * \version 4.0
   4:Generated_Source\PSoC4/UART_SPI_UART_INT.c **** *
   5:Generated_Source\PSoC4/UART_SPI_UART_INT.c **** * \brief
   6:Generated_Source\PSoC4/UART_SPI_UART_INT.c **** *  This file provides the source code to the Interrupt Service Routine for
   7:Generated_Source\PSoC4/UART_SPI_UART_INT.c **** *  the SCB Component in SPI and UART modes.
   8:Generated_Source\PSoC4/UART_SPI_UART_INT.c **** *
   9:Generated_Source\PSoC4/UART_SPI_UART_INT.c **** * Note:
  10:Generated_Source\PSoC4/UART_SPI_UART_INT.c **** *
  11:Generated_Source\PSoC4/UART_SPI_UART_INT.c **** ********************************************************************************
  12:Generated_Source\PSoC4/UART_SPI_UART_INT.c **** * \copyright
  13:Generated_Source\PSoC4/UART_SPI_UART_INT.c **** * Copyright 2013-2017, Cypress Semiconductor Corporation.  All rights reserved.
  14:Generated_Source\PSoC4/UART_SPI_UART_INT.c **** * You may use this file only in accordance with the license, terms, conditions,
  15:Generated_Source\PSoC4/UART_SPI_UART_INT.c **** * disclaimers, and limitations in the end user license agreement accompanying
  16:Generated_Source\PSoC4/UART_SPI_UART_INT.c **** * the software package with which this file was provided.
  17:Generated_Source\PSoC4/UART_SPI_UART_INT.c **** *******************************************************************************/
  18:Generated_Source\PSoC4/UART_SPI_UART_INT.c **** 
  19:Generated_Source\PSoC4/UART_SPI_UART_INT.c **** #include "UART_PVT.h"
  20:Generated_Source\PSoC4/UART_SPI_UART_INT.c **** #include "UART_SPI_UART_PVT.h"
  21:Generated_Source\PSoC4/UART_SPI_UART_INT.c **** #include "cyapicallbacks.h"
  22:Generated_Source\PSoC4/UART_SPI_UART_INT.c **** 
  23:Generated_Source\PSoC4/UART_SPI_UART_INT.c **** #if (UART_SCB_IRQ_INTERNAL)
  24:Generated_Source\PSoC4/UART_SPI_UART_INT.c **** /*******************************************************************************
  25:Generated_Source\PSoC4/UART_SPI_UART_INT.c **** * Function Name: UART_SPI_UART_ISR
  26:Generated_Source\PSoC4/UART_SPI_UART_INT.c **** ****************************************************************************//**
  27:Generated_Source\PSoC4/UART_SPI_UART_INT.c **** *
  28:Generated_Source\PSoC4/UART_SPI_UART_INT.c **** *  Handles the Interrupt Service Routine for the SCB SPI or UART modes.
  29:Generated_Source\PSoC4/UART_SPI_UART_INT.c **** *
  30:Generated_Source\PSoC4/UART_SPI_UART_INT.c **** *******************************************************************************/
ARM GAS  C:\Users\Laurent\AppData\Local\Temp\cc71oWOY.s 			page 2


  31:Generated_Source\PSoC4/UART_SPI_UART_INT.c **** CY_ISR(UART_SPI_UART_ISR)
  32:Generated_Source\PSoC4/UART_SPI_UART_INT.c **** {
  28              		.loc 1 32 0
  29              		.cfi_startproc
  30              		@ args = 0, pretend = 0, frame = 8
  31              		@ frame_needed = 1, uses_anonymous_args = 0
  32 0000 80B5     		push	{r7, lr}
  33              		.cfi_def_cfa_offset 8
  34              		.cfi_offset 7, -8
  35              		.cfi_offset 14, -4
  36 0002 82B0     		sub	sp, sp, #8
  37              		.cfi_def_cfa_offset 16
  38 0004 00AF     		add	r7, sp, #0
  39              		.cfi_def_cfa_register 7
  33:Generated_Source\PSoC4/UART_SPI_UART_INT.c **** #if (UART_INTERNAL_RX_SW_BUFFER_CONST)
  34:Generated_Source\PSoC4/UART_SPI_UART_INT.c ****     uint32 locHead;
  35:Generated_Source\PSoC4/UART_SPI_UART_INT.c **** #endif /* (UART_INTERNAL_RX_SW_BUFFER_CONST) */
  36:Generated_Source\PSoC4/UART_SPI_UART_INT.c **** 
  37:Generated_Source\PSoC4/UART_SPI_UART_INT.c **** #if (UART_INTERNAL_TX_SW_BUFFER_CONST)
  38:Generated_Source\PSoC4/UART_SPI_UART_INT.c ****     uint32 locTail;
  39:Generated_Source\PSoC4/UART_SPI_UART_INT.c **** #endif /* (UART_INTERNAL_TX_SW_BUFFER_CONST) */
  40:Generated_Source\PSoC4/UART_SPI_UART_INT.c **** 
  41:Generated_Source\PSoC4/UART_SPI_UART_INT.c **** #ifdef UART_SPI_UART_ISR_ENTRY_CALLBACK
  42:Generated_Source\PSoC4/UART_SPI_UART_INT.c ****     UART_SPI_UART_ISR_EntryCallback();
  43:Generated_Source\PSoC4/UART_SPI_UART_INT.c **** #endif /* UART_SPI_UART_ISR_ENTRY_CALLBACK */
  44:Generated_Source\PSoC4/UART_SPI_UART_INT.c **** 
  45:Generated_Source\PSoC4/UART_SPI_UART_INT.c ****     if (NULL != UART_customIntrHandler)
  40              		.loc 1 45 0
  41 0006 334B     		ldr	r3, .L16
  42 0008 1B68     		ldr	r3, [r3]
  43 000a 002B     		cmp	r3, #0
  44 000c 02D0     		beq	.L2
  46:Generated_Source\PSoC4/UART_SPI_UART_INT.c ****     {
  47:Generated_Source\PSoC4/UART_SPI_UART_INT.c ****         UART_customIntrHandler();
  45              		.loc 1 47 0
  46 000e 314B     		ldr	r3, .L16
  47 0010 1B68     		ldr	r3, [r3]
  48 0012 9847     		blx	r3
  49              	.L2:
  48:Generated_Source\PSoC4/UART_SPI_UART_INT.c ****     }
  49:Generated_Source\PSoC4/UART_SPI_UART_INT.c **** 
  50:Generated_Source\PSoC4/UART_SPI_UART_INT.c ****     #if(UART_CHECK_SPI_WAKE_ENABLE)
  51:Generated_Source\PSoC4/UART_SPI_UART_INT.c ****     {
  52:Generated_Source\PSoC4/UART_SPI_UART_INT.c ****         /* Clear SPI wakeup source */
  53:Generated_Source\PSoC4/UART_SPI_UART_INT.c ****         UART_ClearSpiExtClkInterruptSource(UART_INTR_SPI_EC_WAKE_UP);
  54:Generated_Source\PSoC4/UART_SPI_UART_INT.c ****     }
  55:Generated_Source\PSoC4/UART_SPI_UART_INT.c ****     #endif
  56:Generated_Source\PSoC4/UART_SPI_UART_INT.c **** 
  57:Generated_Source\PSoC4/UART_SPI_UART_INT.c ****     #if (UART_CHECK_RX_SW_BUFFER)
  58:Generated_Source\PSoC4/UART_SPI_UART_INT.c ****     {
  59:Generated_Source\PSoC4/UART_SPI_UART_INT.c ****         if (UART_CHECK_INTR_RX_MASKED(UART_INTR_RX_NOT_EMPTY))
  50              		.loc 1 59 0
  51 0014 304B     		ldr	r3, .L16+4
  52 0016 1B68     		ldr	r3, [r3]
  53 0018 0422     		movs	r2, #4
  54 001a 1340     		ands	r3, r2
  55 001c 26D0     		beq	.L3
ARM GAS  C:\Users\Laurent\AppData\Local\Temp\cc71oWOY.s 			page 3


  56              	.L7:
  60:Generated_Source\PSoC4/UART_SPI_UART_INT.c ****         {
  61:Generated_Source\PSoC4/UART_SPI_UART_INT.c ****             do
  62:Generated_Source\PSoC4/UART_SPI_UART_INT.c ****             {
  63:Generated_Source\PSoC4/UART_SPI_UART_INT.c ****                 /* Move local head index */
  64:Generated_Source\PSoC4/UART_SPI_UART_INT.c ****                 locHead = (UART_rxBufferHead + 1u);
  57              		.loc 1 64 0
  58 001e 2F4B     		ldr	r3, .L16+8
  59 0020 1B68     		ldr	r3, [r3]
  60 0022 0133     		adds	r3, r3, #1
  61 0024 7B60     		str	r3, [r7, #4]
  65:Generated_Source\PSoC4/UART_SPI_UART_INT.c **** 
  66:Generated_Source\PSoC4/UART_SPI_UART_INT.c ****                 /* Adjust local head index */
  67:Generated_Source\PSoC4/UART_SPI_UART_INT.c ****                 if (UART_INTERNAL_RX_BUFFER_SIZE == locHead)
  62              		.loc 1 67 0
  63 0026 7B68     		ldr	r3, [r7, #4]
  64 0028 652B     		cmp	r3, #101
  65 002a 01D1     		bne	.L4
  68:Generated_Source\PSoC4/UART_SPI_UART_INT.c ****                 {
  69:Generated_Source\PSoC4/UART_SPI_UART_INT.c ****                     locHead = 0u;
  66              		.loc 1 69 0
  67 002c 0023     		movs	r3, #0
  68 002e 7B60     		str	r3, [r7, #4]
  69              	.L4:
  70:Generated_Source\PSoC4/UART_SPI_UART_INT.c ****                 }
  71:Generated_Source\PSoC4/UART_SPI_UART_INT.c **** 
  72:Generated_Source\PSoC4/UART_SPI_UART_INT.c ****                 if (locHead == UART_rxBufferTail)
  70              		.loc 1 72 0
  71 0030 2B4B     		ldr	r3, .L16+12
  72 0032 1B68     		ldr	r3, [r3]
  73 0034 7A68     		ldr	r2, [r7, #4]
  74 0036 9A42     		cmp	r2, r3
  75 0038 05D1     		bne	.L5
  73:Generated_Source\PSoC4/UART_SPI_UART_INT.c ****                 {
  74:Generated_Source\PSoC4/UART_SPI_UART_INT.c ****                     #if (UART_CHECK_UART_RTS_CONTROL_FLOW)
  75:Generated_Source\PSoC4/UART_SPI_UART_INT.c ****                     {
  76:Generated_Source\PSoC4/UART_SPI_UART_INT.c ****                         /* There is no space in the software buffer - disable the
  77:Generated_Source\PSoC4/UART_SPI_UART_INT.c ****                         * RX Not Empty interrupt source. The data elements are
  78:Generated_Source\PSoC4/UART_SPI_UART_INT.c ****                         * still being received into the RX FIFO until the RTS signal
  79:Generated_Source\PSoC4/UART_SPI_UART_INT.c ****                         * stops the transmitter. After the data element is read from the
  80:Generated_Source\PSoC4/UART_SPI_UART_INT.c ****                         * buffer, the RX Not Empty interrupt source is enabled to
  81:Generated_Source\PSoC4/UART_SPI_UART_INT.c ****                         * move the next data element in the software buffer.
  82:Generated_Source\PSoC4/UART_SPI_UART_INT.c ****                         */
  83:Generated_Source\PSoC4/UART_SPI_UART_INT.c ****                         UART_INTR_RX_MASK_REG &= ~UART_INTR_RX_NOT_EMPTY;
  84:Generated_Source\PSoC4/UART_SPI_UART_INT.c ****                         break;
  85:Generated_Source\PSoC4/UART_SPI_UART_INT.c ****                     }
  86:Generated_Source\PSoC4/UART_SPI_UART_INT.c ****                     #else
  87:Generated_Source\PSoC4/UART_SPI_UART_INT.c ****                     {
  88:Generated_Source\PSoC4/UART_SPI_UART_INT.c ****                         /* Overflow: through away received data element */
  89:Generated_Source\PSoC4/UART_SPI_UART_INT.c ****                         (void) UART_RX_FIFO_RD_REG;
  76              		.loc 1 89 0
  77 003a 2A4B     		ldr	r3, .L16+16
  78 003c 1B68     		ldr	r3, [r3]
  90:Generated_Source\PSoC4/UART_SPI_UART_INT.c ****                         UART_rxBufferOverflow = (uint8) UART_INTR_RX_OVERFLOW;
  79              		.loc 1 90 0
  80 003e 2A4B     		ldr	r3, .L16+20
  81 0040 2022     		movs	r2, #32
ARM GAS  C:\Users\Laurent\AppData\Local\Temp\cc71oWOY.s 			page 4


  82 0042 1A70     		strb	r2, [r3]
  83 0044 0AE0     		b	.L6
  84              	.L5:
  91:Generated_Source\PSoC4/UART_SPI_UART_INT.c ****                     }
  92:Generated_Source\PSoC4/UART_SPI_UART_INT.c ****                     #endif
  93:Generated_Source\PSoC4/UART_SPI_UART_INT.c ****                 }
  94:Generated_Source\PSoC4/UART_SPI_UART_INT.c ****                 else
  95:Generated_Source\PSoC4/UART_SPI_UART_INT.c ****                 {
  96:Generated_Source\PSoC4/UART_SPI_UART_INT.c ****                     /* Store received data */
  97:Generated_Source\PSoC4/UART_SPI_UART_INT.c ****                     UART_PutWordInRxBuffer(locHead, UART_RX_FIFO_RD_REG);
  85              		.loc 1 97 0
  86 0046 274B     		ldr	r3, .L16+16
  87 0048 1B68     		ldr	r3, [r3]
  88 004a D9B2     		uxtb	r1, r3
  89 004c 274A     		ldr	r2, .L16+24
  90 004e 7B68     		ldr	r3, [r7, #4]
  91 0050 D318     		adds	r3, r2, r3
  92 0052 0A1C     		adds	r2, r1, #0
  93 0054 1A70     		strb	r2, [r3]
  98:Generated_Source\PSoC4/UART_SPI_UART_INT.c **** 
  99:Generated_Source\PSoC4/UART_SPI_UART_INT.c ****                     /* Move head index */
 100:Generated_Source\PSoC4/UART_SPI_UART_INT.c ****                     UART_rxBufferHead = locHead;
  94              		.loc 1 100 0
  95 0056 214B     		ldr	r3, .L16+8
  96 0058 7A68     		ldr	r2, [r7, #4]
  97 005a 1A60     		str	r2, [r3]
  98              	.L6:
 101:Generated_Source\PSoC4/UART_SPI_UART_INT.c ****                 }
 102:Generated_Source\PSoC4/UART_SPI_UART_INT.c ****             }
 103:Generated_Source\PSoC4/UART_SPI_UART_INT.c ****             while(0u != UART_GET_RX_FIFO_ENTRIES);
  99              		.loc 1 103 0
 100 005c 244B     		ldr	r3, .L16+28
 101 005e 1B68     		ldr	r3, [r3]
 102 0060 0F22     		movs	r2, #15
 103 0062 1340     		ands	r3, r2
 104 0064 DBD1     		bne	.L7
 104:Generated_Source\PSoC4/UART_SPI_UART_INT.c **** 
 105:Generated_Source\PSoC4/UART_SPI_UART_INT.c ****             UART_ClearRxInterruptSource(UART_INTR_RX_NOT_EMPTY);
 105              		.loc 1 105 0
 106 0066 234B     		ldr	r3, .L16+32
 107 0068 0422     		movs	r2, #4
 108 006a 1A60     		str	r2, [r3]
 109              	.L3:
 106:Generated_Source\PSoC4/UART_SPI_UART_INT.c ****         }
 107:Generated_Source\PSoC4/UART_SPI_UART_INT.c ****     }
 108:Generated_Source\PSoC4/UART_SPI_UART_INT.c ****     #endif
 109:Generated_Source\PSoC4/UART_SPI_UART_INT.c **** 
 110:Generated_Source\PSoC4/UART_SPI_UART_INT.c **** 
 111:Generated_Source\PSoC4/UART_SPI_UART_INT.c ****     #if (UART_CHECK_TX_SW_BUFFER)
 112:Generated_Source\PSoC4/UART_SPI_UART_INT.c ****     {
 113:Generated_Source\PSoC4/UART_SPI_UART_INT.c ****         if (UART_CHECK_INTR_TX_MASKED(UART_INTR_TX_NOT_FULL))
 110              		.loc 1 113 0
 111 006c 224B     		ldr	r3, .L16+36
 112 006e 1B68     		ldr	r3, [r3]
 113 0070 0222     		movs	r2, #2
 114 0072 1340     		ands	r3, r2
 115 0074 29D0     		beq	.L15
ARM GAS  C:\Users\Laurent\AppData\Local\Temp\cc71oWOY.s 			page 5


 116              	.L13:
 114:Generated_Source\PSoC4/UART_SPI_UART_INT.c ****         {
 115:Generated_Source\PSoC4/UART_SPI_UART_INT.c ****             do
 116:Generated_Source\PSoC4/UART_SPI_UART_INT.c ****             {
 117:Generated_Source\PSoC4/UART_SPI_UART_INT.c ****                 /* Check for room in TX software buffer */
 118:Generated_Source\PSoC4/UART_SPI_UART_INT.c ****                 if (UART_txBufferHead != UART_txBufferTail)
 117              		.loc 1 118 0
 118 0076 214B     		ldr	r3, .L16+40
 119 0078 1A68     		ldr	r2, [r3]
 120 007a 214B     		ldr	r3, .L16+44
 121 007c 1B68     		ldr	r3, [r3]
 122 007e 9A42     		cmp	r2, r3
 123 0080 13D0     		beq	.L9
 119:Generated_Source\PSoC4/UART_SPI_UART_INT.c ****                 {
 120:Generated_Source\PSoC4/UART_SPI_UART_INT.c ****                     /* Move local tail index */
 121:Generated_Source\PSoC4/UART_SPI_UART_INT.c ****                     locTail = (UART_txBufferTail + 1u);
 124              		.loc 1 121 0
 125 0082 1F4B     		ldr	r3, .L16+44
 126 0084 1B68     		ldr	r3, [r3]
 127 0086 0133     		adds	r3, r3, #1
 128 0088 3B60     		str	r3, [r7]
 122:Generated_Source\PSoC4/UART_SPI_UART_INT.c **** 
 123:Generated_Source\PSoC4/UART_SPI_UART_INT.c ****                     /* Adjust local tail index */
 124:Generated_Source\PSoC4/UART_SPI_UART_INT.c ****                     if (UART_TX_BUFFER_SIZE == locTail)
 129              		.loc 1 124 0
 130 008a 3B68     		ldr	r3, [r7]
 131 008c 642B     		cmp	r3, #100
 132 008e 01D1     		bne	.L10
 125:Generated_Source\PSoC4/UART_SPI_UART_INT.c ****                     {
 126:Generated_Source\PSoC4/UART_SPI_UART_INT.c ****                         locTail = 0u;
 133              		.loc 1 126 0
 134 0090 0023     		movs	r3, #0
 135 0092 3B60     		str	r3, [r7]
 136              	.L10:
 127:Generated_Source\PSoC4/UART_SPI_UART_INT.c ****                     }
 128:Generated_Source\PSoC4/UART_SPI_UART_INT.c **** 
 129:Generated_Source\PSoC4/UART_SPI_UART_INT.c ****                     /* Put data into TX FIFO */
 130:Generated_Source\PSoC4/UART_SPI_UART_INT.c ****                     UART_TX_FIFO_WR_REG = UART_GetWordFromTxBuffer(locTail);
 137              		.loc 1 130 0
 138 0094 1B4B     		ldr	r3, .L16+48
 139 0096 1C49     		ldr	r1, .L16+52
 140 0098 3A68     		ldr	r2, [r7]
 141 009a 8A18     		adds	r2, r1, r2
 142 009c 1278     		ldrb	r2, [r2]
 143 009e D2B2     		uxtb	r2, r2
 144 00a0 1A60     		str	r2, [r3]
 131:Generated_Source\PSoC4/UART_SPI_UART_INT.c **** 
 132:Generated_Source\PSoC4/UART_SPI_UART_INT.c ****                     /* Move tail index */
 133:Generated_Source\PSoC4/UART_SPI_UART_INT.c ****                     UART_txBufferTail = locTail;
 145              		.loc 1 133 0
 146 00a2 174B     		ldr	r3, .L16+44
 147 00a4 3A68     		ldr	r2, [r7]
 148 00a6 1A60     		str	r2, [r3]
 149 00a8 06E0     		b	.L14
 150              	.L9:
 134:Generated_Source\PSoC4/UART_SPI_UART_INT.c ****                 }
 135:Generated_Source\PSoC4/UART_SPI_UART_INT.c ****                 else
ARM GAS  C:\Users\Laurent\AppData\Local\Temp\cc71oWOY.s 			page 6


 136:Generated_Source\PSoC4/UART_SPI_UART_INT.c ****                 {
 137:Generated_Source\PSoC4/UART_SPI_UART_INT.c ****                     /* TX software buffer is empty: complete transfer */
 138:Generated_Source\PSoC4/UART_SPI_UART_INT.c ****                     UART_DISABLE_INTR_TX(UART_INTR_TX_NOT_FULL);
 151              		.loc 1 138 0
 152 00aa 184B     		ldr	r3, .L16+56
 153 00ac 174A     		ldr	r2, .L16+56
 154 00ae 1268     		ldr	r2, [r2]
 155 00b0 0221     		movs	r1, #2
 156 00b2 8A43     		bics	r2, r1
 157 00b4 1A60     		str	r2, [r3]
 139:Generated_Source\PSoC4/UART_SPI_UART_INT.c ****                     break;
 158              		.loc 1 139 0
 159 00b6 05E0     		b	.L12
 160              	.L14:
 140:Generated_Source\PSoC4/UART_SPI_UART_INT.c ****                 }
 141:Generated_Source\PSoC4/UART_SPI_UART_INT.c ****             }
 142:Generated_Source\PSoC4/UART_SPI_UART_INT.c ****             while (UART_SPI_UART_FIFO_SIZE != UART_GET_TX_FIFO_ENTRIES);
 161              		.loc 1 142 0
 162 00b8 154B     		ldr	r3, .L16+60
 163 00ba 1B68     		ldr	r3, [r3]
 164 00bc 0F22     		movs	r2, #15
 165 00be 1340     		ands	r3, r2
 166 00c0 082B     		cmp	r3, #8
 167 00c2 D8D1     		bne	.L13
 168              	.L12:
 143:Generated_Source\PSoC4/UART_SPI_UART_INT.c **** 
 144:Generated_Source\PSoC4/UART_SPI_UART_INT.c ****             UART_ClearTxInterruptSource(UART_INTR_TX_NOT_FULL);
 169              		.loc 1 144 0
 170 00c4 134B     		ldr	r3, .L16+64
 171 00c6 0222     		movs	r2, #2
 172 00c8 1A60     		str	r2, [r3]
 173              	.L15:
 145:Generated_Source\PSoC4/UART_SPI_UART_INT.c ****         }
 146:Generated_Source\PSoC4/UART_SPI_UART_INT.c ****     }
 147:Generated_Source\PSoC4/UART_SPI_UART_INT.c ****     #endif
 148:Generated_Source\PSoC4/UART_SPI_UART_INT.c **** 
 149:Generated_Source\PSoC4/UART_SPI_UART_INT.c **** #ifdef UART_SPI_UART_ISR_EXIT_CALLBACK
 150:Generated_Source\PSoC4/UART_SPI_UART_INT.c ****     UART_SPI_UART_ISR_ExitCallback();
 151:Generated_Source\PSoC4/UART_SPI_UART_INT.c **** #endif /* UART_SPI_UART_ISR_EXIT_CALLBACK */
 152:Generated_Source\PSoC4/UART_SPI_UART_INT.c **** 
 153:Generated_Source\PSoC4/UART_SPI_UART_INT.c **** }
 174              		.loc 1 153 0
 175 00ca C046     		nop
 176 00cc BD46     		mov	sp, r7
 177 00ce 02B0     		add	sp, sp, #8
 178              		@ sp needed
 179 00d0 80BD     		pop	{r7, pc}
 180              	.L17:
 181 00d2 C046     		.align	2
 182              	.L16:
 183 00d4 00000000 		.word	UART_customIntrHandler
 184 00d8 CC0F0640 		.word	1074139084
 185 00dc 00000000 		.word	UART_rxBufferHead
 186 00e0 00000000 		.word	UART_rxBufferTail
 187 00e4 40030640 		.word	1074135872
 188 00e8 00000000 		.word	UART_rxBufferOverflow
 189 00ec 00000000 		.word	UART_rxBufferInternal
ARM GAS  C:\Users\Laurent\AppData\Local\Temp\cc71oWOY.s 			page 7


 190 00f0 08030640 		.word	1074135816
 191 00f4 C00F0640 		.word	1074139072
 192 00f8 8C0F0640 		.word	1074139020
 193 00fc 00000000 		.word	UART_txBufferHead
 194 0100 00000000 		.word	UART_txBufferTail
 195 0104 40020640 		.word	1074135616
 196 0108 00000000 		.word	UART_txBufferInternal
 197 010c 880F0640 		.word	1074139016
 198 0110 08020640 		.word	1074135560
 199 0114 800F0640 		.word	1074139008
 200              		.cfi_endproc
 201              	.LFE0:
 202              		.size	UART_SPI_UART_ISR, .-UART_SPI_UART_ISR
 203              		.text
 204              	.Letext0:
 205              		.file 2 "Generated_Source\\PSoC4/cytypes.h"
 206              		.file 3 "Generated_Source\\PSoC4\\UART_PVT.h"
 207              		.file 4 "Generated_Source\\PSoC4\\UART_SPI_UART_PVT.h"
 208              		.section	.debug_info,"",%progbits
 209              	.Ldebug_info0:
 210 0000 80010000 		.4byte	0x180
 211 0004 0400     		.2byte	0x4
 212 0006 00000000 		.4byte	.Ldebug_abbrev0
 213 000a 04       		.byte	0x4
 214 000b 01       		.uleb128 0x1
 215 000c 88000000 		.4byte	.LASF28
 216 0010 0C       		.byte	0xc
 217 0011 16010000 		.4byte	.LASF29
 218 0015 E2010000 		.4byte	.LASF30
 219 0019 00000000 		.4byte	.Ldebug_ranges0+0
 220 001d 00000000 		.4byte	0
 221 0021 00000000 		.4byte	.Ldebug_line0
 222 0025 02       		.uleb128 0x2
 223 0026 01       		.byte	0x1
 224 0027 06       		.byte	0x6
 225 0028 80020000 		.4byte	.LASF0
 226 002c 02       		.uleb128 0x2
 227 002d 01       		.byte	0x1
 228 002e 08       		.byte	0x8
 229 002f 50000000 		.4byte	.LASF1
 230 0033 02       		.uleb128 0x2
 231 0034 02       		.byte	0x2
 232 0035 05       		.byte	0x5
 233 0036 39020000 		.4byte	.LASF2
 234 003a 02       		.uleb128 0x2
 235 003b 02       		.byte	0x2
 236 003c 07       		.byte	0x7
 237 003d 1D000000 		.4byte	.LASF3
 238 0041 02       		.uleb128 0x2
 239 0042 04       		.byte	0x4
 240 0043 05       		.byte	0x5
 241 0044 55020000 		.4byte	.LASF4
 242 0048 02       		.uleb128 0x2
 243 0049 04       		.byte	0x4
 244 004a 07       		.byte	0x7
 245 004b 5E000000 		.4byte	.LASF5
 246 004f 02       		.uleb128 0x2
ARM GAS  C:\Users\Laurent\AppData\Local\Temp\cc71oWOY.s 			page 8


 247 0050 08       		.byte	0x8
 248 0051 05       		.byte	0x5
 249 0052 A7010000 		.4byte	.LASF6
 250 0056 02       		.uleb128 0x2
 251 0057 08       		.byte	0x8
 252 0058 07       		.byte	0x7
 253 0059 5C010000 		.4byte	.LASF7
 254 005d 03       		.uleb128 0x3
 255 005e 04       		.byte	0x4
 256 005f 05       		.byte	0x5
 257 0060 696E7400 		.ascii	"int\000"
 258 0064 02       		.uleb128 0x2
 259 0065 04       		.byte	0x4
 260 0066 07       		.byte	0x7
 261 0067 4F010000 		.4byte	.LASF8
 262 006b 04       		.uleb128 0x4
 263 006c 70000000 		.4byte	.LASF9
 264 0070 02       		.byte	0x2
 265 0071 E601     		.2byte	0x1e6
 266 0073 2C000000 		.4byte	0x2c
 267 0077 04       		.uleb128 0x4
 268 0078 48010000 		.4byte	.LASF10
 269 007c 02       		.byte	0x2
 270 007d E801     		.2byte	0x1e8
 271 007f 48000000 		.4byte	0x48
 272 0083 02       		.uleb128 0x2
 273 0084 04       		.byte	0x4
 274 0085 04       		.byte	0x4
 275 0086 4A000000 		.4byte	.LASF11
 276 008a 02       		.uleb128 0x2
 277 008b 08       		.byte	0x8
 278 008c 04       		.byte	0x4
 279 008d 41010000 		.4byte	.LASF12
 280 0091 02       		.uleb128 0x2
 281 0092 01       		.byte	0x1
 282 0093 08       		.byte	0x8
 283 0094 B5010000 		.4byte	.LASF13
 284 0098 05       		.uleb128 0x5
 285 0099 6B000000 		.4byte	0x6b
 286 009d 04       		.uleb128 0x4
 287 009e 00000000 		.4byte	.LASF14
 288 00a2 02       		.byte	0x2
 289 00a3 9202     		.2byte	0x292
 290 00a5 A9000000 		.4byte	0xa9
 291 00a9 05       		.uleb128 0x5
 292 00aa 77000000 		.4byte	0x77
 293 00ae 04       		.uleb128 0x4
 294 00af 89010000 		.4byte	.LASF15
 295 00b3 02       		.byte	0x2
 296 00b4 A202     		.2byte	0x2a2
 297 00b6 BA000000 		.4byte	0xba
 298 00ba 06       		.uleb128 0x6
 299 00bb 04       		.byte	0x4
 300 00bc C0000000 		.4byte	0xc0
 301 00c0 07       		.uleb128 0x7
 302 00c1 02       		.uleb128 0x2
 303 00c2 08       		.byte	0x8
ARM GAS  C:\Users\Laurent\AppData\Local\Temp\cc71oWOY.s 			page 9


 304 00c3 04       		.byte	0x4
 305 00c4 5E020000 		.4byte	.LASF16
 306 00c8 02       		.uleb128 0x2
 307 00c9 04       		.byte	0x4
 308 00ca 07       		.byte	0x7
 309 00cb 9E010000 		.4byte	.LASF17
 310 00cf 08       		.uleb128 0x8
 311 00d0 43020000 		.4byte	.LASF31
 312 00d4 01       		.byte	0x1
 313 00d5 1F       		.byte	0x1f
 314 00d6 00000000 		.4byte	.LFB0
 315 00da 18010000 		.4byte	.LFE0-.LFB0
 316 00de 01       		.uleb128 0x1
 317 00df 9C       		.byte	0x9c
 318 00e0 01010000 		.4byte	0x101
 319 00e4 09       		.uleb128 0x9
 320 00e5 42000000 		.4byte	.LASF18
 321 00e9 01       		.byte	0x1
 322 00ea 22       		.byte	0x22
 323 00eb 77000000 		.4byte	0x77
 324 00ef 02       		.uleb128 0x2
 325 00f0 91       		.byte	0x91
 326 00f1 74       		.sleb128 -12
 327 00f2 09       		.uleb128 0x9
 328 00f3 96010000 		.4byte	.LASF19
 329 00f7 01       		.byte	0x1
 330 00f8 26       		.byte	0x26
 331 00f9 77000000 		.4byte	0x77
 332 00fd 02       		.uleb128 0x2
 333 00fe 91       		.byte	0x91
 334 00ff 70       		.sleb128 -16
 335 0100 00       		.byte	0
 336 0101 0A       		.uleb128 0xa
 337 0102 06000000 		.4byte	.LASF20
 338 0106 03       		.byte	0x3
 339 0107 3B       		.byte	0x3b
 340 0108 AE000000 		.4byte	0xae
 341 010c 0A       		.uleb128 0xa
 342 010d 8C020000 		.4byte	.LASF21
 343 0111 04       		.byte	0x4
 344 0112 1F       		.byte	0x1f
 345 0113 A9000000 		.4byte	0xa9
 346 0117 0A       		.uleb128 0xa
 347 0118 76000000 		.4byte	.LASF22
 348 011c 04       		.byte	0x4
 349 011d 20       		.byte	0x20
 350 011e A9000000 		.4byte	0xa9
 351 0122 0A       		.uleb128 0xa
 352 0123 73010000 		.4byte	.LASF23
 353 0127 04       		.byte	0x4
 354 0128 2A       		.byte	0x2a
 355 0129 98000000 		.4byte	0x98
 356 012d 0A       		.uleb128 0xa
 357 012e D0010000 		.4byte	.LASF24
 358 0132 04       		.byte	0x4
 359 0133 2F       		.byte	0x2f
 360 0134 A9000000 		.4byte	0xa9
ARM GAS  C:\Users\Laurent\AppData\Local\Temp\cc71oWOY.s 			page 10


 361 0138 0A       		.uleb128 0xa
 362 0139 30000000 		.4byte	.LASF25
 363 013d 04       		.byte	0x4
 364 013e 30       		.byte	0x30
 365 013f A9000000 		.4byte	0xa9
 366 0143 0B       		.uleb128 0xb
 367 0144 98000000 		.4byte	0x98
 368 0148 53010000 		.4byte	0x153
 369 014c 0C       		.uleb128 0xc
 370 014d C8000000 		.4byte	0xc8
 371 0151 64       		.byte	0x64
 372 0152 00       		.byte	0
 373 0153 0A       		.uleb128 0xa
 374 0154 BA010000 		.4byte	.LASF26
 375 0158 04       		.byte	0x4
 376 0159 34       		.byte	0x34
 377 015a 5E010000 		.4byte	0x15e
 378 015e 05       		.uleb128 0x5
 379 015f 43010000 		.4byte	0x143
 380 0163 0B       		.uleb128 0xb
 381 0164 98000000 		.4byte	0x98
 382 0168 73010000 		.4byte	0x173
 383 016c 0C       		.uleb128 0xc
 384 016d C8000000 		.4byte	0xc8
 385 0171 63       		.byte	0x63
 386 0172 00       		.byte	0
 387 0173 0A       		.uleb128 0xa
 388 0174 6A020000 		.4byte	.LASF27
 389 0178 04       		.byte	0x4
 390 0179 38       		.byte	0x38
 391 017a 7E010000 		.4byte	0x17e
 392 017e 05       		.uleb128 0x5
 393 017f 63010000 		.4byte	0x163
 394 0183 00       		.byte	0
 395              		.section	.debug_abbrev,"",%progbits
 396              	.Ldebug_abbrev0:
 397 0000 01       		.uleb128 0x1
 398 0001 11       		.uleb128 0x11
 399 0002 01       		.byte	0x1
 400 0003 25       		.uleb128 0x25
 401 0004 0E       		.uleb128 0xe
 402 0005 13       		.uleb128 0x13
 403 0006 0B       		.uleb128 0xb
 404 0007 03       		.uleb128 0x3
 405 0008 0E       		.uleb128 0xe
 406 0009 1B       		.uleb128 0x1b
 407 000a 0E       		.uleb128 0xe
 408 000b 55       		.uleb128 0x55
 409 000c 17       		.uleb128 0x17
 410 000d 11       		.uleb128 0x11
 411 000e 01       		.uleb128 0x1
 412 000f 10       		.uleb128 0x10
 413 0010 17       		.uleb128 0x17
 414 0011 00       		.byte	0
 415 0012 00       		.byte	0
 416 0013 02       		.uleb128 0x2
 417 0014 24       		.uleb128 0x24
ARM GAS  C:\Users\Laurent\AppData\Local\Temp\cc71oWOY.s 			page 11


 418 0015 00       		.byte	0
 419 0016 0B       		.uleb128 0xb
 420 0017 0B       		.uleb128 0xb
 421 0018 3E       		.uleb128 0x3e
 422 0019 0B       		.uleb128 0xb
 423 001a 03       		.uleb128 0x3
 424 001b 0E       		.uleb128 0xe
 425 001c 00       		.byte	0
 426 001d 00       		.byte	0
 427 001e 03       		.uleb128 0x3
 428 001f 24       		.uleb128 0x24
 429 0020 00       		.byte	0
 430 0021 0B       		.uleb128 0xb
 431 0022 0B       		.uleb128 0xb
 432 0023 3E       		.uleb128 0x3e
 433 0024 0B       		.uleb128 0xb
 434 0025 03       		.uleb128 0x3
 435 0026 08       		.uleb128 0x8
 436 0027 00       		.byte	0
 437 0028 00       		.byte	0
 438 0029 04       		.uleb128 0x4
 439 002a 16       		.uleb128 0x16
 440 002b 00       		.byte	0
 441 002c 03       		.uleb128 0x3
 442 002d 0E       		.uleb128 0xe
 443 002e 3A       		.uleb128 0x3a
 444 002f 0B       		.uleb128 0xb
 445 0030 3B       		.uleb128 0x3b
 446 0031 05       		.uleb128 0x5
 447 0032 49       		.uleb128 0x49
 448 0033 13       		.uleb128 0x13
 449 0034 00       		.byte	0
 450 0035 00       		.byte	0
 451 0036 05       		.uleb128 0x5
 452 0037 35       		.uleb128 0x35
 453 0038 00       		.byte	0
 454 0039 49       		.uleb128 0x49
 455 003a 13       		.uleb128 0x13
 456 003b 00       		.byte	0
 457 003c 00       		.byte	0
 458 003d 06       		.uleb128 0x6
 459 003e 0F       		.uleb128 0xf
 460 003f 00       		.byte	0
 461 0040 0B       		.uleb128 0xb
 462 0041 0B       		.uleb128 0xb
 463 0042 49       		.uleb128 0x49
 464 0043 13       		.uleb128 0x13
 465 0044 00       		.byte	0
 466 0045 00       		.byte	0
 467 0046 07       		.uleb128 0x7
 468 0047 15       		.uleb128 0x15
 469 0048 00       		.byte	0
 470 0049 27       		.uleb128 0x27
 471 004a 19       		.uleb128 0x19
 472 004b 00       		.byte	0
 473 004c 00       		.byte	0
 474 004d 08       		.uleb128 0x8
ARM GAS  C:\Users\Laurent\AppData\Local\Temp\cc71oWOY.s 			page 12


 475 004e 2E       		.uleb128 0x2e
 476 004f 01       		.byte	0x1
 477 0050 3F       		.uleb128 0x3f
 478 0051 19       		.uleb128 0x19
 479 0052 03       		.uleb128 0x3
 480 0053 0E       		.uleb128 0xe
 481 0054 3A       		.uleb128 0x3a
 482 0055 0B       		.uleb128 0xb
 483 0056 3B       		.uleb128 0x3b
 484 0057 0B       		.uleb128 0xb
 485 0058 27       		.uleb128 0x27
 486 0059 19       		.uleb128 0x19
 487 005a 11       		.uleb128 0x11
 488 005b 01       		.uleb128 0x1
 489 005c 12       		.uleb128 0x12
 490 005d 06       		.uleb128 0x6
 491 005e 40       		.uleb128 0x40
 492 005f 18       		.uleb128 0x18
 493 0060 9642     		.uleb128 0x2116
 494 0062 19       		.uleb128 0x19
 495 0063 01       		.uleb128 0x1
 496 0064 13       		.uleb128 0x13
 497 0065 00       		.byte	0
 498 0066 00       		.byte	0
 499 0067 09       		.uleb128 0x9
 500 0068 34       		.uleb128 0x34
 501 0069 00       		.byte	0
 502 006a 03       		.uleb128 0x3
 503 006b 0E       		.uleb128 0xe
 504 006c 3A       		.uleb128 0x3a
 505 006d 0B       		.uleb128 0xb
 506 006e 3B       		.uleb128 0x3b
 507 006f 0B       		.uleb128 0xb
 508 0070 49       		.uleb128 0x49
 509 0071 13       		.uleb128 0x13
 510 0072 02       		.uleb128 0x2
 511 0073 18       		.uleb128 0x18
 512 0074 00       		.byte	0
 513 0075 00       		.byte	0
 514 0076 0A       		.uleb128 0xa
 515 0077 34       		.uleb128 0x34
 516 0078 00       		.byte	0
 517 0079 03       		.uleb128 0x3
 518 007a 0E       		.uleb128 0xe
 519 007b 3A       		.uleb128 0x3a
 520 007c 0B       		.uleb128 0xb
 521 007d 3B       		.uleb128 0x3b
 522 007e 0B       		.uleb128 0xb
 523 007f 49       		.uleb128 0x49
 524 0080 13       		.uleb128 0x13
 525 0081 3F       		.uleb128 0x3f
 526 0082 19       		.uleb128 0x19
 527 0083 3C       		.uleb128 0x3c
 528 0084 19       		.uleb128 0x19
 529 0085 00       		.byte	0
 530 0086 00       		.byte	0
 531 0087 0B       		.uleb128 0xb
ARM GAS  C:\Users\Laurent\AppData\Local\Temp\cc71oWOY.s 			page 13


 532 0088 01       		.uleb128 0x1
 533 0089 01       		.byte	0x1
 534 008a 49       		.uleb128 0x49
 535 008b 13       		.uleb128 0x13
 536 008c 01       		.uleb128 0x1
 537 008d 13       		.uleb128 0x13
 538 008e 00       		.byte	0
 539 008f 00       		.byte	0
 540 0090 0C       		.uleb128 0xc
 541 0091 21       		.uleb128 0x21
 542 0092 00       		.byte	0
 543 0093 49       		.uleb128 0x49
 544 0094 13       		.uleb128 0x13
 545 0095 2F       		.uleb128 0x2f
 546 0096 0B       		.uleb128 0xb
 547 0097 00       		.byte	0
 548 0098 00       		.byte	0
 549 0099 00       		.byte	0
 550              		.section	.debug_aranges,"",%progbits
 551 0000 1C000000 		.4byte	0x1c
 552 0004 0200     		.2byte	0x2
 553 0006 00000000 		.4byte	.Ldebug_info0
 554 000a 04       		.byte	0x4
 555 000b 00       		.byte	0
 556 000c 0000     		.2byte	0
 557 000e 0000     		.2byte	0
 558 0010 00000000 		.4byte	.LFB0
 559 0014 18010000 		.4byte	.LFE0-.LFB0
 560 0018 00000000 		.4byte	0
 561 001c 00000000 		.4byte	0
 562              		.section	.debug_ranges,"",%progbits
 563              	.Ldebug_ranges0:
 564 0000 00000000 		.4byte	.LFB0
 565 0004 18010000 		.4byte	.LFE0
 566 0008 00000000 		.4byte	0
 567 000c 00000000 		.4byte	0
 568              		.section	.debug_line,"",%progbits
 569              	.Ldebug_line0:
 570 0000 A9000000 		.section	.debug_str,"MS",%progbits,1
 570      02007300 
 570      00000201 
 570      FB0E0D00 
 570      01010101 
 571              	.LASF14:
 572 0000 72656733 		.ascii	"reg32\000"
 572      3200
 573              	.LASF20:
 574 0006 55415254 		.ascii	"UART_customIntrHandler\000"
 574      5F637573 
 574      746F6D49 
 574      6E747248 
 574      616E646C 
 575              	.LASF3:
 576 001d 73686F72 		.ascii	"short unsigned int\000"
 576      7420756E 
 576      7369676E 
 576      65642069 
ARM GAS  C:\Users\Laurent\AppData\Local\Temp\cc71oWOY.s 			page 14


 576      6E7400
 577              	.LASF25:
 578 0030 55415254 		.ascii	"UART_txBufferTail\000"
 578      5F747842 
 578      75666665 
 578      72546169 
 578      6C00
 579              	.LASF18:
 580 0042 6C6F6348 		.ascii	"locHead\000"
 580      65616400 
 581              	.LASF11:
 582 004a 666C6F61 		.ascii	"float\000"
 582      7400
 583              	.LASF1:
 584 0050 756E7369 		.ascii	"unsigned char\000"
 584      676E6564 
 584      20636861 
 584      7200
 585              	.LASF5:
 586 005e 6C6F6E67 		.ascii	"long unsigned int\000"
 586      20756E73 
 586      69676E65 
 586      6420696E 
 586      7400
 587              	.LASF9:
 588 0070 75696E74 		.ascii	"uint8\000"
 588      3800
 589              	.LASF22:
 590 0076 55415254 		.ascii	"UART_rxBufferTail\000"
 590      5F727842 
 590      75666665 
 590      72546169 
 590      6C00
 591              	.LASF28:
 592 0088 474E5520 		.ascii	"GNU C11 5.4.1 20160609 (release) [ARM/embedded-5-br"
 592      43313120 
 592      352E342E 
 592      31203230 
 592      31363036 
 593 00bb 616E6368 		.ascii	"anch revision 237715] -mcpu=cortex-m0 -mthumb -g -O"
 593      20726576 
 593      6973696F 
 593      6E203233 
 593      37373135 
 594 00ee 30202D66 		.ascii	"0 -ffunction-sections -ffat-lto-objects\000"
 594      66756E63 
 594      74696F6E 
 594      2D736563 
 594      74696F6E 
 595              	.LASF29:
 596 0116 47656E65 		.ascii	"Generated_Source\\PSoC4\\UART_SPI_UART_INT.c\000"
 596      72617465 
 596      645F536F 
 596      75726365 
 596      5C50536F 
 597              	.LASF12:
 598 0141 646F7562 		.ascii	"double\000"
ARM GAS  C:\Users\Laurent\AppData\Local\Temp\cc71oWOY.s 			page 15


 598      6C6500
 599              	.LASF10:
 600 0148 75696E74 		.ascii	"uint32\000"
 600      333200
 601              	.LASF8:
 602 014f 756E7369 		.ascii	"unsigned int\000"
 602      676E6564 
 602      20696E74 
 602      00
 603              	.LASF7:
 604 015c 6C6F6E67 		.ascii	"long long unsigned int\000"
 604      206C6F6E 
 604      6720756E 
 604      7369676E 
 604      65642069 
 605              	.LASF23:
 606 0173 55415254 		.ascii	"UART_rxBufferOverflow\000"
 606      5F727842 
 606      75666665 
 606      724F7665 
 606      72666C6F 
 607              	.LASF15:
 608 0189 63796973 		.ascii	"cyisraddress\000"
 608      72616464 
 608      72657373 
 608      00
 609              	.LASF19:
 610 0196 6C6F6354 		.ascii	"locTail\000"
 610      61696C00 
 611              	.LASF17:
 612 019e 73697A65 		.ascii	"sizetype\000"
 612      74797065 
 612      00
 613              	.LASF6:
 614 01a7 6C6F6E67 		.ascii	"long long int\000"
 614      206C6F6E 
 614      6720696E 
 614      7400
 615              	.LASF13:
 616 01b5 63686172 		.ascii	"char\000"
 616      00
 617              	.LASF26:
 618 01ba 55415254 		.ascii	"UART_rxBufferInternal\000"
 618      5F727842 
 618      75666665 
 618      72496E74 
 618      65726E61 
 619              	.LASF24:
 620 01d0 55415254 		.ascii	"UART_txBufferHead\000"
 620      5F747842 
 620      75666665 
 620      72486561 
 620      6400
 621              	.LASF30:
 622 01e2 433A5C55 		.ascii	"C:\\Users\\Laurent\\Documents\\PSoC Creator\\4.4\\V"
 622      73657273 
 622      5C4C6175 
ARM GAS  C:\Users\Laurent\AppData\Local\Temp\cc71oWOY.s 			page 16


 622      72656E74 
 622      5C446F63 
 623 020f 484E3730 		.ascii	"HN7040AY\\Labo_Autom\\VNH7040_modifie.cydsn\000"
 623      34304159 
 623      5C4C6162 
 623      6F5F4175 
 623      746F6D5C 
 624              	.LASF2:
 625 0239 73686F72 		.ascii	"short int\000"
 625      7420696E 
 625      7400
 626              	.LASF31:
 627 0243 55415254 		.ascii	"UART_SPI_UART_ISR\000"
 627      5F535049 
 627      5F554152 
 627      545F4953 
 627      5200
 628              	.LASF4:
 629 0255 6C6F6E67 		.ascii	"long int\000"
 629      20696E74 
 629      00
 630              	.LASF16:
 631 025e 6C6F6E67 		.ascii	"long double\000"
 631      20646F75 
 631      626C6500 
 632              	.LASF27:
 633 026a 55415254 		.ascii	"UART_txBufferInternal\000"
 633      5F747842 
 633      75666665 
 633      72496E74 
 633      65726E61 
 634              	.LASF0:
 635 0280 7369676E 		.ascii	"signed char\000"
 635      65642063 
 635      68617200 
 636              	.LASF21:
 637 028c 55415254 		.ascii	"UART_rxBufferHead\000"
 637      5F727842 
 637      75666665 
 637      72486561 
 637      6400
 638              		.ident	"GCC: (GNU Tools for ARM Embedded Processors) 5.4.1 20160609 (release) [ARM/embedded-5-bran
